<?xml version="1.0" encoding="UTF-8" ?>
<testsuite errors="0" skipped="0" tests="1" time="1.857" failures="0" name="uk.ac.cam.ch.wwmm.osra.OsraRunnerTest">
  <properties>
    <property value="Java(TM) 2 Runtime Environment, Standard Edition" name="java.runtime.name"/>
    <property value="C:\Program Files (x86)\Java\jdk1.5.0_22\jre\bin" name="sun.boot.library.path"/>
    <property value="1.5.0_22-b03" name="java.vm.version"/>
    <property value="Sun Microsystems Inc." name="java.vm.vendor"/>
    <property value="http://java.sun.com/" name="java.vendor.url"/>
    <property value=";" name="path.separator"/>
    <property value="Java HotSpot(TM) Client VM" name="java.vm.name"/>
    <property value="sun.io" name="file.encoding.pkg"/>
    <property value="GB" name="user.country"/>
    <property value="SUN_STANDARD" name="sun.java.launcher"/>
    <property value="" name="sun.os.patch.level"/>
    <property value="Java Virtual Machine Specification" name="java.vm.specification.name"/>
    <property value="D:\workspace\osra-runner\osra-runner" name="user.dir"/>
    <property value="1.5.0_22-b03" name="java.runtime.version"/>
    <property value="sun.awt.Win32GraphicsEnvironment" name="java.awt.graphicsenv"/>
    <property value="D:\workspace\osra-runner\osra-runner" name="basedir"/>
    <property value="C:\Program Files (x86)\Java\jdk1.5.0_22\jre\lib\endorsed" name="java.endorsed.dirs"/>
    <property value="x86" name="os.arch"/>
    <property value="C:\Users\sea36\AppData\Local\Temp\surefirebooter7515849859423983071.jar" name="surefire.real.class.path"/>
    <property value="C:\Users\sea36\AppData\Local\Temp\" name="java.io.tmpdir"/>
    <property value="
" name="line.separator"/>
    <property value="Sun Microsystems Inc." name="java.vm.specification.vendor"/>
    <property value="" name="user.variant"/>
    <property value="Windows 7" name="os.name"/>
    <property value="Cp1252" name="sun.jnu.encoding"/>
    <property value="C:\Program Files (x86)\Java\jdk1.5.0_22\jre\bin;.;C:\Windows\system32;C:\Windows;C:\tools\Ruby\bin;C:\Program Files (x86)\PC Connectivity Solution\;C:\Windows\system32;C:\Windows;C:\Windows\System32\Wbem;C:\Windows\System32\WindowsPowerShell\v1.0\;C:\Program Files\WIDCOMM\Bluetooth Software\;C:\Program Files\WIDCOMM\Bluetooth Software\syswow64;C:\Program Files (x86)\Common Files\Roxio Shared\DLLShared\;C:\Program Files (x86)\Common Files\Roxio Shared\10.0\DLLShared\;C:\Program Files (x86)\jEdit;C:\Python25\Lib\site-packages\PyQt4;C:\Program Files\SlikSvn\bin\;C:\Program Files\TortoiseSVN\bin;C:\Program Files\TortoiseHg;C:\Program Files (x86)\QuickTime\QTSystem\;C:\Program Files (x86)\Common Files\MDL SHARED\ISIS;C:\Program Files (x86)\Common Files\Teleca Shared;C:\Program Files (x86)\OpenBabel-2.2.3;C:\Program Files\SlikSvn\bin;C:\Tools\apache-maven-2.2.1\bin;C:\Program Files (x86)\Java\jdk1.5.0_22\bin;C:\Tools\apache-ant-1.8.0RC1\bin;C:\Tools\MinGW\bin;C:\Tools\cygwin\bin;C:\Program Files (x86)\Mercurial;C:\Program Files (x86)\Notepad++;C:\Tools\lensfield2-0.1-SNAPSHOT\bin" name="java.library.path"/>
    <property value="D:\workspace\osra-runner\osra-runner\target\test-classes;D:\workspace\osra-runner\osra-runner\target\classes;C:\Users\sea36\.m2\repository\net\sf\jnati\jnati-proc\0.3-SNAPSHOT\jnati-proc-0.3-SNAPSHOT.jar;C:\Users\sea36\.m2\repository\log4j\log4j\1.2.14\log4j-1.2.14.jar;C:\Users\sea36\.m2\repository\net\sf\jnati\jnati-deploy\0.3-SNAPSHOT\jnati-deploy-0.3-SNAPSHOT.jar;C:\Users\sea36\.m2\repository\net\sf\jnati\jnati-core\0.3-SNAPSHOT\jnati-core-0.3-SNAPSHOT.jar;C:\Users\sea36\.m2\repository\sea36\util\util-config\0.1\util-config-0.1.jar;C:\Users\sea36\.m2\repository\junit\junit\4.5\junit-4.5.jar;D:\workspace\osra-runner\osra-windows-x86\target\classes;" name="surefire.test.class.path"/>
    <property value="Java Platform API Specification" name="java.specification.name"/>
    <property value="49.0" name="java.class.version"/>
    <property value="HotSpot Client Compiler" name="sun.management.compiler"/>
    <property value="6.1" name="os.version"/>
    <property value="C:\Users\sea36" name="user.home"/>
    <property value="" name="user.timezone"/>
    <property value="sun.awt.windows.WPrinterJob" name="java.awt.printerjob"/>
    <property value="1.5" name="java.specification.version"/>
    <property value="Cp1252" name="file.encoding"/>
    <property value="sea36" name="user.name"/>
    <property value="D:\workspace\osra-runner\osra-runner\target\test-classes;D:\workspace\osra-runner\osra-runner\target\classes;C:\Users\sea36\.m2\repository\net\sf\jnati\jnati-proc\0.3-SNAPSHOT\jnati-proc-0.3-SNAPSHOT.jar;C:\Users\sea36\.m2\repository\log4j\log4j\1.2.14\log4j-1.2.14.jar;C:\Users\sea36\.m2\repository\net\sf\jnati\jnati-deploy\0.3-SNAPSHOT\jnati-deploy-0.3-SNAPSHOT.jar;C:\Users\sea36\.m2\repository\net\sf\jnati\jnati-core\0.3-SNAPSHOT\jnati-core-0.3-SNAPSHOT.jar;C:\Users\sea36\.m2\repository\sea36\util\util-config\0.1\util-config-0.1.jar;C:\Users\sea36\.m2\repository\junit\junit\4.5\junit-4.5.jar;D:\workspace\osra-runner\osra-windows-x86\target\classes;" name="java.class.path"/>
    <property value="1.0" name="java.vm.specification.version"/>
    <property value="32" name="sun.arch.data.model"/>
    <property value="C:\Program Files (x86)\Java\jdk1.5.0_22\jre" name="java.home"/>
    <property value="Sun Microsystems Inc." name="java.specification.vendor"/>
    <property value="en" name="user.language"/>
    <property value="sun.awt.windows.WToolkit" name="awt.toolkit"/>
    <property value="mixed mode" name="java.vm.info"/>
    <property value="1.5.0_22" name="java.version"/>
    <property value="C:\Program Files (x86)\Java\jdk1.5.0_22\jre\lib\ext" name="java.ext.dirs"/>
    <property value="C:\Program Files (x86)\Java\jdk1.5.0_22\jre\lib\rt.jar;C:\Program Files (x86)\Java\jdk1.5.0_22\jre\lib\i18n.jar;C:\Program Files (x86)\Java\jdk1.5.0_22\jre\lib\sunrsasign.jar;C:\Program Files (x86)\Java\jdk1.5.0_22\jre\lib\jsse.jar;C:\Program Files (x86)\Java\jdk1.5.0_22\jre\lib\jce.jar;C:\Program Files (x86)\Java\jdk1.5.0_22\jre\lib\charsets.jar;C:\Program Files (x86)\Java\jdk1.5.0_22\jre\classes" name="sun.boot.class.path"/>
    <property value="Sun Microsystems Inc." name="java.vendor"/>
    <property value="C:\Users\sea36\.m2\repository" name="localRepository"/>
    <property value="\" name="file.separator"/>
    <property value="http://java.sun.com/cgi-bin/bugreport.cgi" name="java.vendor.url.bug"/>
    <property value="little" name="sun.cpu.endian"/>
    <property value="UnicodeLittle" name="sun.io.unicode.encoding"/>
    <property value="windows" name="sun.desktop"/>
    <property value="pentium_pro+mmx pentium_pro pentium+mmx pentium i486 i386 i86" name="sun.cpu.isalist"/>
  </properties>
  <testcase classname="uk.ac.cam.ch.wwmm.osra.OsraRunnerTest" time="1.841" name="testOsra"/>
</testsuite>